<?xml version="1.0" encoding="UTF-8"?>
<beans xmlns="http://www.springframework.org/schema/beans"
	xmlns:xsi="http://www.w3.org/2001/XMLSchema-instance" xmlns:context="http://www.springframework.org/schema/context"
	xmlns:tx="http://www.springframework.org/schema/tx" xmlns:os-core="http://www.openspaces.org/schema/core"
	xmlns:os-events="http://www.openspaces.org/schema/events"
	xmlns:os-remoting="http://www.openspaces.org/schema/remoting"
	xmlns:os-sla="http://www.openspaces.org/schema/sla"
	xsi:schemaLocation="http://www.springframework.org/schema/beans http://www.springframework.org/schema/beans/spring-beans.xsd
       http://www.springframework.org/schema/tx http://www.springframework.org/schema/tx/spring-tx-2.0.xsd
       http://www.springframework.org/schema/context http://www.springframework.org/schema/context/spring-context.xsd
       http://www.openspaces.org/schema/core http://www.openspaces.org/schema/core/openspaces-core.xsd
       http://www.openspaces.org/schema/events http://www.openspaces.org/schema/events/openspaces-events.xsd
       http://www.openspaces.org/schema/remoting http://www.openspaces.org/schema/remoting/openspaces-remoting.xsd
       http://www.openspaces.org/schema/sla http://www.openspaces.org/schema/sla/openspaces-sla.xsd">

	<!--Support @RemotingService component scanning -->
	<os-core:giga-space-context/>
	<context:component-scan base-package="org.openspaces.timeseries" />
	<os-remoting:annotation-support />
	<os-events:annotation-support />	
	
	<!-- 
		We Read Only from the database so space-config.engine.cache_policy=1 ("ALL IN CACHE").
	-->
	<os-core:space id="space" url="/./myspace"/>
	
	<os-core:local-tx-manager id="transactionManager"
		default-timeout="10" commit-timeout="10000" space="space" />
	<tx:annotation-driven transaction-manager="transactionManager" />

	<os-core:giga-space id="gigaSpace" space="space"
		tx-manager="transactionManager" />

	<bean id="timer" class="org.openspaces.timeseries.processor.PeriodTimer"/>
	
	<bean id="volatility10sec" class="org.openspaces.timeseries.analytics.volatility.VolatilityProcessor">
		<property name="interval" value="3"/>
		<property name="timer" ref="timer"/>
	</bean>
	<bean id="vwap10sec" class="org.openspaces.timeseries.analytics.vwap.VwapProcessor">
		<property name="interval" value="3"/>
		<property name="timer" ref="timer"/>
	</bean>
	<bean id="ave10sec" class="org.openspaces.timeseries.analytics.average.AverageProcessor">
		<property name="interval" value="3"/>
		<property name="timer" ref="timer"/>
	</bean>
	
	<bean id="tickgen" class="org.openspaces.timeseries.util.TickGenerator">
		<property name="symbols">
			<array>
				<bean class="org.openspaces.timeseries.util.TickParms" scope="prototype">
					<property name="symbol" value="IBM"/>
					<property name="minvol" value="100"/>
					<property name="maxvol" value="1000"/>
					<property name="priceBasis" value="100"/>
				</bean>
				<bean class="org.openspaces.timeseries.util.TickParms" scope="prototype">
					<property name="symbol" value="T"/>
					<property name="minvol" value="100"/>
					<property name="maxvol" value="1000"/>
					<property name="priceBasis" value="26"/>
				</bean>
			</array>
		</property>
	</bean>
	
	<os-remoting:service-exporter id="serviceExporter"/>

</beans>
